<?xml version="1.0" encoding="UTF-8"?>
<!-- Generated by org.testng.reporters.JUnitXMLReporter -->
<testsuite hostname="797SHARE-TPL-NL" ignored="0" name="Surefire test" tests="4" failures="0" timestamp="2020-07-02T23:09:46 IST" time="0.197" errors="0">
  <testcase name="add" time="0.031" classname="com.qa.Test.TestApp"/>
  <testcase name="div" time="0.0" classname="com.qa.Test.TestApp"/>
  <testcase name="mul" time="0.001" classname="com.qa.Test.TestApp"/>
  <testcase name="sub" time="0.0" classname="com.qa.Test.TestApp"/>
</testsuite> <!-- Surefire test -->
